app/build/intermediates/manifest_merge_blame_file/debug/manifest-merger-blame-debug-report.txt
1<?xml version="1.0" encoding="utf-8"?>
2<manifest xmlns:android="http://schemas.android.com/apk/res/android"
3    package="com.lutech.flashlight"
4    android:versionCode="1"
5    android:versionName="1.0" >
6
7    <uses-sdk
8        android:minSdkVersion="23"
8-->src\main\AndroidManifest.xml
9        android:targetSdkVersion="33" />
9-->src\main\AndroidManifest.xml
10
11    <uses-permission android:name="android.permission.INTERNET" />
11-->src\main\AndroidManifest.xml:6:5-67
11-->src\main\AndroidManifest.xml:6:22-64
12    <uses-permission android:name="android.permission.ACCESS_NETWORK_STATE" />
12-->src\main\AndroidManifest.xml:7:5-79
12-->src\main\AndroidManifest.xml:7:22-76
13    <uses-permission android:name="android.permission.ACCESS_WIFI_STATE" />
13-->src\main\AndroidManifest.xml:8:5-76
13-->src\main\AndroidManifest.xml:8:22-73
14    <uses-permission android:name="android.permission.READ_PHONE_STATE" />
14-->src\main\AndroidManifest.xml:9:5-75
14-->src\main\AndroidManifest.xml:9:22-72
15    <uses-permission android:name="android.permission.VIBRATE" />
15-->src\main\AndroidManifest.xml:10:5-66
15-->src\main\AndroidManifest.xml:10:22-63
16    <uses-permission android:name="android.permission.WAKE_LOCK" />
16-->src\main\AndroidManifest.xml:11:5-68
16-->src\main\AndroidManifest.xml:11:22-65
17    <uses-permission android:name="android.permission.CAMERA" />
17-->src\main\AndroidManifest.xml:12:5-65
17-->src\main\AndroidManifest.xml:12:22-62
18    <uses-permission android:name="android.permission.POST_NOTIFICATIONS" /> <!-- Required by older versions of Google Play services to create IID tokens -->
18-->[com.google.firebase:firebase-messaging:23.0.8] AndroidManifest.xml:26:5-77
18-->[com.google.firebase:firebase-messaging:23.0.8] AndroidManifest.xml:26:22-74
19    <uses-permission android:name="com.google.android.c2dm.permission.RECEIVE" />
19-->[com.google.firebase:firebase-messaging:23.0.8] AndroidManifest.xml:29:5-82
19-->[com.google.firebase:firebase-messaging:23.0.8] AndroidManifest.xml:29:22-79
20    <uses-permission android:name="com.google.android.finsky.permission.BIND_GET_INSTALL_REFERRER_SERVICE" />
20-->[com.google.android.gms:play-services-measurement:21.2.0] AndroidManifest.xml:26:5-110
20-->[com.google.android.gms:play-services-measurement:21.2.0] AndroidManifest.xml:26:22-107
21    <uses-permission android:name="com.google.android.gms.permission.AD_ID" /> <!-- Android package visibility setting -->
21-->[com.google.android.gms:play-services-measurement-api:21.2.0] AndroidManifest.xml:25:5-79
21-->[com.google.android.gms:play-services-measurement-api:21.2.0] AndroidManifest.xml:25:22-76
22    <queries>
22-->[com.google.android.gms:play-services-ads-lite:21.0.0] AndroidManifest.xml:28:5-44:15
23
24        <!-- For browser content -->
25        <intent>
25-->[com.google.android.gms:play-services-ads-lite:21.0.0] AndroidManifest.xml:31:9-37:18
26            <action android:name="android.intent.action.VIEW" />
26-->[com.google.android.gms:play-services-ads-lite:21.0.0] AndroidManifest.xml:32:13-65
26-->[com.google.android.gms:play-services-ads-lite:21.0.0] AndroidManifest.xml:32:21-62
27
28            <category android:name="android.intent.category.BROWSABLE" />
28-->[com.google.android.gms:play-services-ads-lite:21.0.0] AndroidManifest.xml:34:13-74
28-->[com.google.android.gms:play-services-ads-lite:21.0.0] AndroidManifest.xml:34:23-71
29
30            <data android:scheme="https" />
30-->[com.google.android.gms:play-services-ads-lite:21.0.0] AndroidManifest.xml:36:13-44
30-->[com.google.android.gms:play-services-ads-lite:21.0.0] AndroidManifest.xml:36:19-41
31        </intent>
32        <!-- End of browser content -->
33        <!-- For CustomTabsService -->
34        <intent>
34-->[com.google.android.gms:play-services-ads-lite:21.0.0] AndroidManifest.xml:40:9-42:18
35            <action android:name="android.support.customtabs.action.CustomTabsService" />
35-->[com.google.android.gms:play-services-ads-lite:21.0.0] AndroidManifest.xml:41:13-90
35-->[com.google.android.gms:play-services-ads-lite:21.0.0] AndroidManifest.xml:41:21-87
36        </intent>
37        <!-- End of CustomTabsService -->
38    </queries>
39
40    <uses-permission android:name="android.permission.RECEIVE_BOOT_COMPLETED" />
40-->[androidx.work:work-runtime:2.7.0] AndroidManifest.xml:27:5-81
40-->[androidx.work:work-runtime:2.7.0] AndroidManifest.xml:27:22-78
41    <uses-permission android:name="android.permission.FOREGROUND_SERVICE" />
41-->[androidx.work:work-runtime:2.7.0] AndroidManifest.xml:28:5-77
41-->[androidx.work:work-runtime:2.7.0] AndroidManifest.xml:28:22-74
42
43    <permission
43-->[androidx.core:core:1.9.0] AndroidManifest.xml:22:5-24:47
44        android:name="com.lutech.flashlight.DYNAMIC_RECEIVER_NOT_EXPORTED_PERMISSION"
44-->[androidx.core:core:1.9.0] AndroidManifest.xml:23:9-81
45        android:protectionLevel="signature" />
45-->[androidx.core:core:1.9.0] AndroidManifest.xml:24:9-44
46
47    <uses-permission android:name="com.lutech.flashlight.DYNAMIC_RECEIVER_NOT_EXPORTED_PERMISSION" />
47-->[androidx.core:core:1.9.0] AndroidManifest.xml:26:5-97
47-->[androidx.core:core:1.9.0] AndroidManifest.xml:26:22-94
48    <uses-permission android:name="com.android.vending.BILLING" />
48-->[com.android.billingclient:billing:4.0.0] AndroidManifest.xml:10:5-67
48-->[com.android.billingclient:billing:4.0.0] AndroidManifest.xml:10:22-64
49
50    <application
50-->src\main\AndroidManifest.xml:15:5-109:19
51        android:name="com.lutech.flashlight.ads.MyApplication"
51-->src\main\AndroidManifest.xml:16:9-42
52        android:allowBackup="true"
52-->src\main\AndroidManifest.xml:17:9-35
53        android:appComponentFactory="androidx.core.app.CoreComponentFactory"
53-->[androidx.core:core:1.9.0] AndroidManifest.xml:28:18-86
54        android:dataExtractionRules="@xml/data_extraction_rules"
54-->src\main\AndroidManifest.xml:18:9-65
55        android:debuggable="true"
56        android:extractNativeLibs="false"
57        android:fullBackupContent="@xml/backup_rules"
57-->src\main\AndroidManifest.xml:19:9-54
58        android:icon="@mipmap/ic_launcher"
58-->src\main\AndroidManifest.xml:20:9-43
59        android:label="@string/app_name"
59-->src\main\AndroidManifest.xml:21:9-41
60        android:networkSecurityConfig="@xml/network_security_config"
60-->src\main\AndroidManifest.xml:22:9-69
61        android:roundIcon="@mipmap/ic_launcher_round"
61-->src\main\AndroidManifest.xml:23:9-54
62        android:supportsRtl="true"
62-->src\main\AndroidManifest.xml:24:9-35
63        android:testOnly="true"
64        android:theme="@style/Theme.BaseProject" >
64-->src\main\AndroidManifest.xml:25:9-49
65        <activity
65-->src\main\AndroidManifest.xml:27:9-39:20
66            android:name="com.lutech.flashlight.HomeActivity"
66-->src\main\AndroidManifest.xml:28:13-41
67            android:exported="true" >
67-->src\main\AndroidManifest.xml:29:13-36
68            <intent-filter>
68-->src\main\AndroidManifest.xml:30:13-34:29
69                <action android:name="android.intent.action.MAIN" />
69-->src\main\AndroidManifest.xml:31:17-69
69-->src\main\AndroidManifest.xml:31:25-66
70
71                <category android:name="android.intent.category.LAUNCHER" />
71-->src\main\AndroidManifest.xml:33:17-77
71-->src\main\AndroidManifest.xml:33:27-74
72            </intent-filter>
73
74            <meta-data
74-->src\main\AndroidManifest.xml:36:13-38:36
75                android:name="android.app.lib_name"
75-->src\main\AndroidManifest.xml:37:17-52
76                android:value="" />
76-->src\main\AndroidManifest.xml:38:17-33
77        </activity>
78        <activity
78-->src\main\AndroidManifest.xml:41:9-47:20
79            android:name="com.lutech.flashlight.language.activity.LanguageActivity"
79-->src\main\AndroidManifest.xml:42:13-63
80            android:exported="false" >
80-->src\main\AndroidManifest.xml:43:13-37
81            <meta-data
81-->src\main\AndroidManifest.xml:36:13-38:36
82                android:name="android.app.lib_name"
82-->src\main\AndroidManifest.xml:37:17-52
83                android:value="" />
83-->src\main\AndroidManifest.xml:38:17-33
84        </activity>
85        <activity
85-->src\main\AndroidManifest.xml:48:9-61:20
86            android:name="com.lutech.flashlight.SplashActivity"
86-->src\main\AndroidManifest.xml:49:13-43
87            android:exported="true"
87-->src\main\AndroidManifest.xml:50:13-36
88            android:screenOrientation="portrait" >
88-->src\main\AndroidManifest.xml:51:13-49
89            <intent-filter>
89-->src\main\AndroidManifest.xml:30:13-34:29
90                <action android:name="android.intent.action.MAIN" />
90-->src\main\AndroidManifest.xml:31:17-69
90-->src\main\AndroidManifest.xml:31:25-66
91
92                <category android:name="android.intent.category.LAUNCHER" />
92-->src\main\AndroidManifest.xml:33:17-77
92-->src\main\AndroidManifest.xml:33:27-74
93            </intent-filter>
94
95            <meta-data
95-->src\main\AndroidManifest.xml:36:13-38:36
96                android:name="android.app.lib_name"
96-->src\main\AndroidManifest.xml:37:17-52
97                android:value="" />
97-->src\main\AndroidManifest.xml:38:17-33
98        </activity>
99
100        <meta-data
100-->src\main\AndroidManifest.xml:63:9-65:35
101            android:name="com.google.firebase.ml.vision.DEPENDENCIES"
101-->src\main\AndroidManifest.xml:64:13-70
102            android:value="ocr" />
102-->src\main\AndroidManifest.xml:65:13-32
103        <meta-data
103-->src\main\AndroidManifest.xml:66:9-68:50
104            android:name="com.google.android.gms.ads.APPLICATION_ID"
104-->src\main\AndroidManifest.xml:67:13-69
105            android:value="@string/ads_app_id" />
105-->src\main\AndroidManifest.xml:68:13-47
106
107        <activity
107-->src\main\AndroidManifest.xml:70:9-77:20
108            android:name="com.lutech.flashlight.ads.welcome.WelcomeBackActivity"
108-->src\main\AndroidManifest.xml:71:13-60
109            android:exported="false"
109-->src\main\AndroidManifest.xml:72:13-37
110            android:screenOrientation="nosensor" >
110-->src\main\AndroidManifest.xml:73:13-49
111            <meta-data
111-->src\main\AndroidManifest.xml:36:13-38:36
112                android:name="android.app.lib_name"
112-->src\main\AndroidManifest.xml:37:17-52
113                android:value="" />
113-->src\main\AndroidManifest.xml:38:17-33
114        </activity>
115
116        <service
116-->src\main\AndroidManifest.xml:80:9-86:19
117            android:name="com.lutech.flashlight.Notification.MyFirebaseMessageService"
117-->src\main\AndroidManifest.xml:81:13-66
118            android:exported="false" >
118-->src\main\AndroidManifest.xml:82:13-37
119            <intent-filter>
119-->src\main\AndroidManifest.xml:83:13-85:29
120                <action android:name="com.google.firebase.MESSAGING_EVENT" />
120-->src\main\AndroidManifest.xml:84:17-78
120-->src\main\AndroidManifest.xml:84:25-75
121            </intent-filter>
122        </service>
123
124        <receiver
124-->src\main\AndroidManifest.xml:88:9-95:20
125            android:name="com.adjust.sdk.AdjustReferrerReceiver"
125-->src\main\AndroidManifest.xml:89:13-65
126            android:exported="true"
126-->src\main\AndroidManifest.xml:90:13-36
127            android:permission="android.permission.INSTALL_PACKAGES" >
127-->src\main\AndroidManifest.xml:91:13-69
128            <intent-filter>
128-->src\main\AndroidManifest.xml:92:13-94:29
129                <action android:name="com.android.vending.INSTALL_REFERRER" />
129-->src\main\AndroidManifest.xml:93:17-79
129-->src\main\AndroidManifest.xml:93:25-76
130            </intent-filter>
131        </receiver>
132
133        <activity
133-->src\main\AndroidManifest.xml:97:9-101:52
134            android:name="com.facebook.FacebookActivity"
134-->src\main\AndroidManifest.xml:98:13-57
135            android:configChanges="keyboard|keyboardHidden|screenLayout|screenSize|orientation"
135-->src\main\AndroidManifest.xml:99:13-96
136            android:label="@string/app_name"
136-->src\main\AndroidManifest.xml:100:13-45
137            android:screenOrientation="nosensor"
137-->src\main\AndroidManifest.xml:101:13-49
138            android:theme="@style/com_facebook_activity_theme" />
138-->[com.facebook.android:facebook-common:4.42.0] AndroidManifest.xml:32:13-63
139
140        <meta-data
140-->src\main\AndroidManifest.xml:103:9-105:55
141            android:name="com.google.firebase.messaging.default_notification_color"
141-->src\main\AndroidManifest.xml:104:13-84
142            android:resource="@color/color_primary" />
142-->src\main\AndroidManifest.xml:105:13-52
143        <meta-data
143-->src\main\AndroidManifest.xml:106:9-108:55
144            android:name="com.facebook.sdk.ApplicationId"
144-->src\main\AndroidManifest.xml:107:13-58
145            android:value="@string/facebook_app_id" />
145-->src\main\AndroidManifest.xml:108:13-52
146
147        <activity
147-->[cat.ereza:customactivityoncrash:2.4.0] AndroidManifest.xml:10:9-12:49
148            android:name="cat.ereza.customactivityoncrash.activity.DefaultErrorActivity"
148-->[cat.ereza:customactivityoncrash:2.4.0] AndroidManifest.xml:11:13-89
149            android:process=":error_activity" />
149-->[cat.ereza:customactivityoncrash:2.4.0] AndroidManifest.xml:12:13-46
150
151        <provider
151-->[cat.ereza:customactivityoncrash:2.4.0] AndroidManifest.xml:14:9-18:39
152            android:name="cat.ereza.customactivityoncrash.provider.CaocInitProvider"
152-->[cat.ereza:customactivityoncrash:2.4.0] AndroidManifest.xml:15:13-85
153            android:authorities="com.lutech.flashlight.customactivityoncrashinitprovider"
153-->[cat.ereza:customactivityoncrash:2.4.0] AndroidManifest.xml:16:13-85
154            android:exported="false"
154-->[cat.ereza:customactivityoncrash:2.4.0] AndroidManifest.xml:17:13-37
155            android:initOrder="101" />
155-->[cat.ereza:customactivityoncrash:2.4.0] AndroidManifest.xml:18:13-36
156
157        <activity android:name="com.facebook.CustomTabMainActivity" />
157-->[com.facebook.android:facebook-common:4.42.0] AndroidManifest.xml:33:9-71
157-->[com.facebook.android:facebook-common:4.42.0] AndroidManifest.xml:33:19-68
158        <activity android:name="com.facebook.CustomTabActivity" />
158-->[com.facebook.android:facebook-common:4.42.0] AndroidManifest.xml:34:9-67
158-->[com.facebook.android:facebook-common:4.42.0] AndroidManifest.xml:34:19-64
159        <activity
159-->[io.github.ParkSangGwon:tedpermission:3.3.0] AndroidManifest.xml:10:9-14:67
160            android:name="com.gun0912.tedpermission.TedPermissionActivity"
160-->[io.github.ParkSangGwon:tedpermission:3.3.0] AndroidManifest.xml:11:13-75
161            android:configChanges="mcc|mnc|locale|keyboard|keyboardHidden|screenLayout|fontScale|uiMode|orientation|screenSize|layoutDirection"
161-->[io.github.ParkSangGwon:tedpermission:3.3.0] AndroidManifest.xml:12:13-144
162            android:screenOrientation="unspecified"
162-->[io.github.ParkSangGwon:tedpermission:3.3.0] AndroidManifest.xml:13:13-52
163            android:theme="@style/Theme.Transparent.Permission" />
163-->[io.github.ParkSangGwon:tedpermission:3.3.0] AndroidManifest.xml:14:13-64
164
165        <provider
165-->[io.github.ParkSangGwon:tedpermission:3.3.0] AndroidManifest.xml:16:9-19:40
166            android:name="com.gun0912.tedpermission.provider.TedPermissionProvider"
166-->[io.github.ParkSangGwon:tedpermission:3.3.0] AndroidManifest.xml:17:13-84
167            android:authorities="com.lutech.flashlight.tedpermissionprovider"
167-->[io.github.ParkSangGwon:tedpermission:3.3.0] AndroidManifest.xml:18:13-73
168            android:exported="false" />
168-->[io.github.ParkSangGwon:tedpermission:3.3.0] AndroidManifest.xml:19:13-37
169
170        <receiver
170-->[com.google.firebase:firebase-messaging:23.0.8] AndroidManifest.xml:32:9-39:20
171            android:name="com.google.firebase.iid.FirebaseInstanceIdReceiver"
171-->[com.google.firebase:firebase-messaging:23.0.8] AndroidManifest.xml:33:13-78
172            android:exported="true"
172-->[com.google.firebase:firebase-messaging:23.0.8] AndroidManifest.xml:34:13-36
173            android:permission="com.google.android.c2dm.permission.SEND" >
173-->[com.google.firebase:firebase-messaging:23.0.8] AndroidManifest.xml:35:13-73
174            <intent-filter>
174-->[com.google.firebase:firebase-messaging:23.0.8] AndroidManifest.xml:36:13-38:29
175                <action android:name="com.google.android.c2dm.intent.RECEIVE" />
175-->[com.google.firebase:firebase-messaging:23.0.8] AndroidManifest.xml:37:17-81
175-->[com.google.firebase:firebase-messaging:23.0.8] AndroidManifest.xml:37:25-78
176            </intent-filter>
177        </receiver>
178        <!--
179             FirebaseMessagingService performs security checks at runtime,
180             but set to not exported to explicitly avoid allowing another app to call it.
181        -->
182        <service
182-->[com.google.firebase:firebase-messaging:23.0.8] AndroidManifest.xml:45:9-52:19
183            android:name="com.google.firebase.messaging.FirebaseMessagingService"
183-->[com.google.firebase:firebase-messaging:23.0.8] AndroidManifest.xml:46:13-82
184            android:directBootAware="true"
184-->[com.google.firebase:firebase-messaging:23.0.8] AndroidManifest.xml:47:13-43
185            android:exported="false" >
185-->[com.google.firebase:firebase-messaging:23.0.8] AndroidManifest.xml:48:13-37
186            <intent-filter android:priority="-500" >
186-->src\main\AndroidManifest.xml:83:13-85:29
187                <action android:name="com.google.firebase.MESSAGING_EVENT" />
187-->src\main\AndroidManifest.xml:84:17-78
187-->src\main\AndroidManifest.xml:84:25-75
188            </intent-filter>
189        </service>
190        <service
190-->[com.google.firebase:firebase-messaging:23.0.8] AndroidManifest.xml:53:9-59:19
191            android:name="com.google.firebase.components.ComponentDiscoveryService"
191-->[com.google.firebase:firebase-messaging:23.0.8] AndroidManifest.xml:54:13-84
192            android:directBootAware="true"
192-->[com.google.firebase:firebase-common:20.2.0] AndroidManifest.xml:34:13-43
193            android:exported="false" >
193-->[com.google.firebase:firebase-messaging:23.0.8] AndroidManifest.xml:55:13-37
194            <meta-data
194-->[com.google.firebase:firebase-messaging:23.0.8] AndroidManifest.xml:56:13-58:85
195                android:name="com.google.firebase.components:com.google.firebase.messaging.FirebaseMessagingRegistrar"
195-->[com.google.firebase:firebase-messaging:23.0.8] AndroidManifest.xml:57:17-119
196                android:value="com.google.firebase.components.ComponentRegistrar" />
196-->[com.google.firebase:firebase-messaging:23.0.8] AndroidManifest.xml:58:17-82
197            <meta-data
197-->[com.google.firebase:firebase-database:20.0.6] AndroidManifest.xml:32:13-34:85
198                android:name="com.google.firebase.components:com.google.firebase.database.DatabaseRegistrar"
198-->[com.google.firebase:firebase-database:20.0.6] AndroidManifest.xml:33:17-109
199                android:value="com.google.firebase.components.ComponentRegistrar" />
199-->[com.google.firebase:firebase-database:20.0.6] AndroidManifest.xml:34:17-82
200            <meta-data
200-->[com.google.firebase:firebase-firestore:24.3.1] AndroidManifest.xml:20:13-22:85
201                android:name="com.google.firebase.components:com.google.firebase.firestore.FirestoreRegistrar"
201-->[com.google.firebase:firebase-firestore:24.3.1] AndroidManifest.xml:21:17-111
202                android:value="com.google.firebase.components.ComponentRegistrar" />
202-->[com.google.firebase:firebase-firestore:24.3.1] AndroidManifest.xml:22:17-82
203            <meta-data
203-->[com.google.android.gms:play-services-measurement-api:21.2.0] AndroidManifest.xml:31:13-33:85
204                android:name="com.google.firebase.components:com.google.firebase.analytics.connector.internal.AnalyticsConnectorRegistrar"
204-->[com.google.android.gms:play-services-measurement-api:21.2.0] AndroidManifest.xml:32:17-139
205                android:value="com.google.firebase.components.ComponentRegistrar" />
205-->[com.google.android.gms:play-services-measurement-api:21.2.0] AndroidManifest.xml:33:17-82
206            <meta-data
206-->[com.google.firebase:firebase-config:21.1.2] AndroidManifest.xml:32:13-34:85
207                android:name="com.google.firebase.components:com.google.firebase.remoteconfig.RemoteConfigRegistrar"
207-->[com.google.firebase:firebase-config:21.1.2] AndroidManifest.xml:33:17-117
208                android:value="com.google.firebase.components.ComponentRegistrar" />
208-->[com.google.firebase:firebase-config:21.1.2] AndroidManifest.xml:34:17-82
209            <meta-data
209-->[com.google.firebase:firebase-crashlytics:18.2.13] AndroidManifest.xml:18:13-20:85
210                android:name="com.google.firebase.components:com.google.firebase.crashlytics.CrashlyticsRegistrar"
210-->[com.google.firebase:firebase-crashlytics:18.2.13] AndroidManifest.xml:19:17-115
211                android:value="com.google.firebase.components.ComponentRegistrar" />
211-->[com.google.firebase:firebase-crashlytics:18.2.13] AndroidManifest.xml:20:17-82
212            <meta-data
212-->[com.google.firebase:firebase-installations:17.0.2] AndroidManifest.xml:18:13-20:85
213                android:name="com.google.firebase.components:com.google.firebase.installations.FirebaseInstallationsRegistrar"
213-->[com.google.firebase:firebase-installations:17.0.2] AndroidManifest.xml:19:17-127
214                android:value="com.google.firebase.components.ComponentRegistrar" />
214-->[com.google.firebase:firebase-installations:17.0.2] AndroidManifest.xml:20:17-82
215            <meta-data
215-->[com.google.firebase:firebase-datatransport:18.1.6] AndroidManifest.xml:28:13-30:85
216                android:name="com.google.firebase.components:com.google.firebase.datatransport.TransportRegistrar"
216-->[com.google.firebase:firebase-datatransport:18.1.6] AndroidManifest.xml:29:17-115
217                android:value="com.google.firebase.components.ComponentRegistrar" />
217-->[com.google.firebase:firebase-datatransport:18.1.6] AndroidManifest.xml:30:17-82
218            <meta-data
218-->[com.google.firebase:firebase-abt:21.0.2] AndroidManifest.xml:13:13-15:85
219                android:name="com.google.firebase.components:com.google.firebase.abt.component.AbtRegistrar"
219-->[com.google.firebase:firebase-abt:21.0.2] AndroidManifest.xml:14:17-109
220                android:value="com.google.firebase.components.ComponentRegistrar" />
220-->[com.google.firebase:firebase-abt:21.0.2] AndroidManifest.xml:15:17-82
221        </service>
222
223        <receiver
223-->[com.google.android.gms:play-services-measurement:21.2.0] AndroidManifest.xml:29:9-33:20
224            android:name="com.google.android.gms.measurement.AppMeasurementReceiver"
224-->[com.google.android.gms:play-services-measurement:21.2.0] AndroidManifest.xml:30:13-85
225            android:enabled="true"
225-->[com.google.android.gms:play-services-measurement:21.2.0] AndroidManifest.xml:31:13-35
226            android:exported="false" >
226-->[com.google.android.gms:play-services-measurement:21.2.0] AndroidManifest.xml:32:13-37
227        </receiver>
228
229        <service
229-->[com.google.android.gms:play-services-measurement:21.2.0] AndroidManifest.xml:35:9-38:40
230            android:name="com.google.android.gms.measurement.AppMeasurementService"
230-->[com.google.android.gms:play-services-measurement:21.2.0] AndroidManifest.xml:36:13-84
231            android:enabled="true"
231-->[com.google.android.gms:play-services-measurement:21.2.0] AndroidManifest.xml:37:13-35
232            android:exported="false" />
232-->[com.google.android.gms:play-services-measurement:21.2.0] AndroidManifest.xml:38:13-37
233        <service
233-->[com.google.android.gms:play-services-measurement:21.2.0] AndroidManifest.xml:39:9-43:72
234            android:name="com.google.android.gms.measurement.AppMeasurementJobService"
234-->[com.google.android.gms:play-services-measurement:21.2.0] AndroidManifest.xml:40:13-87
235            android:enabled="true"
235-->[com.google.android.gms:play-services-measurement:21.2.0] AndroidManifest.xml:41:13-35
236            android:exported="false"
236-->[com.google.android.gms:play-services-measurement:21.2.0] AndroidManifest.xml:42:13-37
237            android:permission="android.permission.BIND_JOB_SERVICE" /> <!-- Include the AdActivity and InAppPurchaseActivity configChanges and themes. -->
237-->[com.google.android.gms:play-services-measurement:21.2.0] AndroidManifest.xml:43:13-69
238        <activity
238-->[com.google.android.gms:play-services-ads-lite:21.0.0] AndroidManifest.xml:49:9-53:64
239            android:name="com.google.android.gms.ads.AdActivity"
239-->[com.google.android.gms:play-services-ads-lite:21.0.0] AndroidManifest.xml:50:13-65
240            android:configChanges="keyboard|keyboardHidden|orientation|screenLayout|uiMode|screenSize|smallestScreenSize"
240-->[com.google.android.gms:play-services-ads-lite:21.0.0] AndroidManifest.xml:51:13-122
241            android:exported="false"
241-->[com.google.android.gms:play-services-ads-lite:21.0.0] AndroidManifest.xml:52:13-37
242            android:theme="@android:style/Theme.Translucent" />
242-->[com.google.android.gms:play-services-ads-lite:21.0.0] AndroidManifest.xml:53:13-61
243
244        <provider
244-->[com.google.android.gms:play-services-ads-lite:21.0.0] AndroidManifest.xml:55:9-59:39
245            android:name="com.google.android.gms.ads.MobileAdsInitProvider"
245-->[com.google.android.gms:play-services-ads-lite:21.0.0] AndroidManifest.xml:56:13-76
246            android:authorities="com.lutech.flashlight.mobileadsinitprovider"
246-->[com.google.android.gms:play-services-ads-lite:21.0.0] AndroidManifest.xml:57:13-73
247            android:exported="false"
247-->[com.google.android.gms:play-services-ads-lite:21.0.0] AndroidManifest.xml:58:13-37
248            android:initOrder="100" />
248-->[com.google.android.gms:play-services-ads-lite:21.0.0] AndroidManifest.xml:59:13-36
249
250        <service
250-->[com.google.android.gms:play-services-ads-lite:21.0.0] AndroidManifest.xml:61:9-64:40
251            android:name="com.google.android.gms.ads.AdService"
251-->[com.google.android.gms:play-services-ads-lite:21.0.0] AndroidManifest.xml:62:13-64
252            android:enabled="true"
252-->[com.google.android.gms:play-services-ads-lite:21.0.0] AndroidManifest.xml:63:13-35
253            android:exported="false" />
253-->[com.google.android.gms:play-services-ads-lite:21.0.0] AndroidManifest.xml:64:13-37
254
255        <activity
255-->[com.google.android.gms:play-services-base:18.0.1] AndroidManifest.xml:20:9-22:45
256            android:name="com.google.android.gms.common.api.GoogleApiActivity"
256-->[com.google.android.gms:play-services-base:18.0.1] AndroidManifest.xml:20:19-85
257            android:exported="false"
257-->[com.google.android.gms:play-services-base:18.0.1] AndroidManifest.xml:22:19-43
258            android:theme="@android:style/Theme.Translucent.NoTitleBar" />
258-->[com.google.android.gms:play-services-base:18.0.1] AndroidManifest.xml:21:19-78
259
260        <provider
260-->[com.google.firebase:firebase-common:20.2.0] AndroidManifest.xml:25:9-30:39
261            android:name="com.google.firebase.provider.FirebaseInitProvider"
261-->[com.google.firebase:firebase-common:20.2.0] AndroidManifest.xml:26:13-77
262            android:authorities="com.lutech.flashlight.firebaseinitprovider"
262-->[com.google.firebase:firebase-common:20.2.0] AndroidManifest.xml:27:13-72
263            android:directBootAware="true"
263-->[com.google.firebase:firebase-common:20.2.0] AndroidManifest.xml:28:13-43
264            android:exported="false"
264-->[com.google.firebase:firebase-common:20.2.0] AndroidManifest.xml:29:13-37
265            android:initOrder="100" />
265-->[com.google.firebase:firebase-common:20.2.0] AndroidManifest.xml:30:13-36
266
267        <meta-data
267-->[com.google.android.gms:play-services-basement:18.1.0] AndroidManifest.xml:21:9-23:69
268            android:name="com.google.android.gms.version"
268-->[com.google.android.gms:play-services-basement:18.1.0] AndroidManifest.xml:22:13-58
269            android:value="@integer/google_play_services_version" />
269-->[com.google.android.gms:play-services-basement:18.1.0] AndroidManifest.xml:23:13-66
270
271        <provider
271-->[androidx.emoji2:emoji2:1.2.0] AndroidManifest.xml:24:9-32:20
272            android:name="androidx.startup.InitializationProvider"
272-->[androidx.emoji2:emoji2:1.2.0] AndroidManifest.xml:25:13-67
273            android:authorities="com.lutech.flashlight.androidx-startup"
273-->[androidx.emoji2:emoji2:1.2.0] AndroidManifest.xml:26:13-68
274            android:exported="false" >
274-->[androidx.emoji2:emoji2:1.2.0] AndroidManifest.xml:27:13-37
275            <meta-data
275-->[androidx.emoji2:emoji2:1.2.0] AndroidManifest.xml:29:13-31:52
276                android:name="androidx.emoji2.text.EmojiCompatInitializer"
276-->[androidx.emoji2:emoji2:1.2.0] AndroidManifest.xml:30:17-75
277                android:value="androidx.startup" />
277-->[androidx.emoji2:emoji2:1.2.0] AndroidManifest.xml:31:17-49
278            <meta-data
278-->[androidx.work:work-runtime:2.7.0] AndroidManifest.xml:36:13-38:52
279                android:name="androidx.work.WorkManagerInitializer"
279-->[androidx.work:work-runtime:2.7.0] AndroidManifest.xml:37:17-68
280                android:value="androidx.startup" />
280-->[androidx.work:work-runtime:2.7.0] AndroidManifest.xml:38:17-49
281            <meta-data
281-->[androidx.lifecycle:lifecycle-process:2.4.1] AndroidManifest.xml:31:13-33:52